<?xml version="1.0" encoding="UTF-8"?>
<!-- Generated by org.testng.reporters.JUnitReportReporter -->
<testsuite hostname="DESKTOP-DLOQ29L" failures="0" tests="1" name="com.assignment.testLayer.SearchProductTest" time="22.074" errors="0" timestamp="2024-08-28T11:50:24 IST" skipped="0">
  <testcase classname="com.assignment.testLayer.SearchProductTest" name="searchNonExistingProduct" time="22.074"/>
  <system-out/>
</testsuite> <!-- com.assignment.testLayer.SearchProductTest -->
