<?xml version="1.0" encoding="UTF-8"?>
<!-- Generated by org.testng.reporters.JUnitReportReporter -->
<testsuite hostname="DESKTOP-DLOQ29L" failures="0" tests="1" name="com.assignment.testLayer.EndToEndTestFlow" time="31.351" errors="0" timestamp="2024-08-28T12:45:59 IST" skipped="0">
  <testcase classname="com.assignment.testLayer.EndToEndTestFlow" name="searchNonExistingProduct" time="31.351"/>
  <system-out/>
</testsuite> <!-- com.assignment.testLayer.EndToEndTestFlow -->
